# JRE version: OpenJDK Runtime Environment Temurin-21.0.6+7 (21.0.6+7) (build 21.0.6+7-LTS)
# Java VM: OpenJDK 64-Bit Server VM Temurin-21.0.6+7 (21.0.6+7-LTS, mixed mode, sharing, tiered, compressed oops, compressed class ptrs, g1 gc, windows-amd64)
GC Precious Log:
 CardTable entry size: 512
 Card Set container configuration: InlinePtr #cards 5 size 8 Array Of Cards #cards 12 size 40 Howl #buckets 4 coarsen threshold 1843 Howl Bitmap #cards 512 size 80 coarsen threshold 460 Card regions per heap region 1 cards per card region 2048
 CPUs: 16 total, 16 available
 Memory: 31861M
 Large Page Support: Disabled
 NUMA Support: Disabled
 Compressed Oops: Enabled (32-bit)
 Heap Region Size: 1M
 Heap Min Capacity: 256M
 Heap Initial Capacity: 256M
 Heap Max Capacity: 512M
 Pre-touch: Disabled
 Parallel Workers: 13
 Concurrent Workers: 3
 Concurrent Refinement Workers: 13
 Periodic GC: Disabled
Heap:
 garbage-first heap   total 262144K, used 123334K [0x00000000e0000000, 0x0000000100000000)
  region size 1024K, 89 young (91136K), 20 survivors (20480K)
 Metaspace       used 58005K, committed 60288K, reserved 393216K
  class space    used 8335K, committed 9472K, reserved 327680K
GC Heap History (18 events):
Event: 0.282 GC heap before
{Heap before GC invocations=0 (full 0):
 garbage-first heap   total 262144K, used 26624K [0x00000000e0000000, 0x0000000100000000)
  region size 1024K, 23 young (23552K), 0 survivors (0K)
 Metaspace       used 2914K, committed 3008K, reserved 393216K
  class space    used 325K, committed 384K, reserved 327680K
}
Event: 0.283 GC heap after
{Heap after GC invocations=1 (full 0):
 garbage-first heap   total 262144K, used 11256K [0x00000000e0000000, 0x0000000100000000)
  region size 1024K, 3 young (3072K), 3 survivors (3072K)
 Metaspace       used 2914K, committed 3008K, reserved 393216K
  class space    used 325K, committed 384K, reserved 327680K
}
Event: 0.461 GC heap before
{Heap before GC invocations=1 (full 0):
 garbage-first heap   total 262144K, used 40952K [0x00000000e0000000, 0x0000000100000000)
  region size 1024K, 31 young (31744K), 3 survivors (3072K)
 Metaspace       used 4711K, committed 4928K, reserved 393216K
  class space    used 576K, committed 704K, reserved 327680K
}
Event: 0.462 GC heap after
{Heap after GC invocations=2 (full 0):
 garbage-first heap   total 262144K, used 14657K [0x00000000e0000000, 0x0000000100000000)
  region size 1024K, 3 young (3072K), 3 survivors (3072K)
 Metaspace       used 4711K, committed 4928K, reserved 393216K
  class space    used 576K, committed 704K, reserved 327680K
}
Event: 1.115 GC heap before
{Heap before GC invocations=2 (full 0):
 garbage-first heap   total 262144K, used 108865K [0x00000000e0000000, 0x0000000100000000)
  region size 1024K, 96 young (98304K), 3 survivors (3072K)
 Metaspace       used 18987K, committed 19584K, reserved 393216K
  class space    used 2571K, committed 2816K, reserved 327680K
}
Event: 1.118 GC heap after
{Heap after GC invocations=3 (full 0):
 garbage-first heap   total 262144K, used 23900K [0x00000000e0000000, 0x0000000100000000)
  region size 1024K, 12 young (12288K), 12 survivors (12288K)
 Metaspace       used 18987K, committed 19584K, reserved 393216K
  class space    used 2571K, committed 2816K, reserved 327680K
}
Event: 1.203 GC heap before
{Heap before GC invocations=3 (full 0):
 garbage-first heap   total 262144K, used 38236K [0x00000000e0000000, 0x0000000100000000)
  region size 1024K, 27 young (27648K), 12 survivors (12288K)
 Metaspace       used 20886K, committed 21504K, reserved 393216K
  class space    used 2887K, committed 3200K, reserved 327680K
}
Event: 1.205 GC heap after
{Heap after GC invocations=4 (full 0):
 garbage-first heap   total 262144K, used 25668K [0x00000000e0000000, 0x0000000100000000)
  region size 1024K, 2 young (2048K), 2 survivors (2048K)
 Metaspace       used 20886K, committed 21504K, reserved 393216K
  class space    used 2887K, committed 3200K, reserved 327680K
}
Event: 1.763 GC heap before
{Heap before GC invocations=5 (full 0):
 garbage-first heap   total 262144K, used 123972K [0x00000000e0000000, 0x0000000100000000)
  region size 1024K, 100 young (102400K), 2 survivors (2048K)
 Metaspace       used 34595K, committed 35968K, reserved 393216K
  class space    used 4907K, committed 5632K, reserved 327680K
}
Event: 1.765 GC heap after
{Heap after GC invocations=6 (full 0):
 garbage-first heap   total 262144K, used 31809K [0x00000000e0000000, 0x0000000100000000)
  region size 1024K, 8 young (8192K), 8 survivors (8192K)
 Metaspace       used 34595K, committed 35968K, reserved 393216K
  class space    used 4907K, committed 5632K, reserved 327680K
}
Event: 1.775 GC heap before
{Heap before GC invocations=6 (full 0):
 garbage-first heap   total 262144K, used 33857K [0x00000000e0000000, 0x0000000100000000)
  region size 1024K, 11 young (11264K), 8 survivors (8192K)
 Metaspace       used 34910K, committed 36288K, reserved 393216K
  class space    used 4963K, committed 5696K, reserved 327680K
}
Event: 1.777 GC heap after
{Heap after GC invocations=7 (full 0):
 garbage-first heap   total 262144K, used 31946K [0x00000000e0000000, 0x0000000100000000)
  region size 1024K, 8 young (8192K), 8 survivors (8192K)
 Metaspace       used 34910K, committed 36288K, reserved 393216K
  class space    used 4963K, committed 5696K, reserved 327680K
}
Event: 1.791 GC heap before
{Heap before GC invocations=7 (full 0):
 garbage-first heap   total 262144K, used 35018K [0x00000000e0000000, 0x0000000100000000)
  region size 1024K, 12 young (12288K), 8 survivors (8192K)
 Metaspace       used 35245K, committed 36608K, reserved 393216K
  class space    used 5018K, committed 5696K, reserved 327680K
}
Event: 1.792 GC heap after
{Heap after GC invocations=8 (full 0):
 garbage-first heap   total 262144K, used 31869K [0x00000000e0000000, 0x0000000100000000)
  region size 1024K, 8 young (8192K), 8 survivors (8192K)
 Metaspace       used 35245K, committed 36608K, reserved 393216K
  class space    used 5018K, committed 5696K, reserved 327680K
}
Event: 2.704 GC heap before
{Heap before GC invocations=9 (full 0):
 garbage-first heap   total 262144K, used 180349K [0x00000000e0000000, 0x0000000100000000)
  region size 1024K, 153 young (156672K), 8 survivors (8192K)
 Metaspace       used 50019K, committed 52096K, reserved 393216K
  class space    used 7485K, committed 8512K, reserved 327680K
}
Event: 2.708 GC heap after
{Heap after GC invocations=10 (full 0):
 garbage-first heap   total 262144K, used 41371K [0x00000000e0000000, 0x0000000100000000)
  region size 1024K, 17 young (17408K), 17 survivors (17408K)
 Metaspace       used 50019K, committed 52096K, reserved 393216K
  class space    used 7485K, committed 8512K, reserved 327680K
}
Event: 3.526 GC heap before
{Heap before GC invocations=10 (full 0):
 garbage-first heap   total 262144K, used 179611K [0x00000000e0000000, 0x0000000100000000)
  region size 1024K, 153 young (156672K), 17 survivors (17408K)
 Metaspace       used 57091K, committed 59200K, reserved 393216K
  class space    used 8289K, committed 9344K, reserved 327680K
}
Event: 3.533 GC heap after
{Heap after GC invocations=11 (full 0):
 garbage-first heap   total 262144K, used 53702K [0x00000000e0000000, 0x0000000100000000)
  region size 1024K, 20 young (20480K), 20 survivors (20480K)
 Metaspace       used 57091K, committed 59200K, reserved 393216K
  class space    used 8289K, committed 9344K, reserved 327680K
}

