# JRE version: OpenJDK Runtime Environment Temurin-21.0.6+7 (21.0.6+7) (build 21.0.6+7-LTS)
# Java VM: OpenJDK 64-Bit Server VM Temurin-21.0.6+7 (21.0.6+7-LTS, mixed mode, sharing, tiered, compressed oops, compressed class ptrs, g1 gc, windows-amd64)
GC Precious Log:
 CardTable entry size: 512
 Card Set container configuration: InlinePtr #cards 5 size 8 Array Of Cards #cards 12 size 40 Howl #buckets 4 coarsen threshold 1843 Howl Bitmap #cards 512 size 80 coarsen threshold 460 Card regions per heap region 1 cards per card region 2048
 CPUs: 16 total, 16 available
 Memory: 31861M
 Large Page Support: Disabled
 NUMA Support: Disabled
 Compressed Oops: Enabled (32-bit)
 Heap Region Size: 1M
 Heap Min Capacity: 256M
 Heap Initial Capacity: 256M
 Heap Max Capacity: 512M
 Pre-touch: Disabled
 Parallel Workers: 13
 Concurrent Workers: 3
 Concurrent Refinement Workers: 13
 Periodic GC: Disabled
Heap:
 garbage-first heap   total 262144K, used 187840K [0x00000000e0000000, 0x0000000100000000)
  region size 1024K, 126 young (129024K), 20 survivors (20480K)
 Metaspace       used 72301K, committed 74752K, reserved 393216K
  class space    used 10066K, committed 11264K, reserved 327680K
GC Heap History (20 events):
Event: 0.472 GC heap before
{Heap before GC invocations=1 (full 0):
 garbage-first heap   total 262144K, used 40960K [0x00000000e0000000, 0x0000000100000000)
  region size 1024K, 31 young (31744K), 3 survivors (3072K)
 Metaspace       used 4708K, committed 4928K, reserved 393216K
  class space    used 576K, committed 704K, reserved 327680K
}
Event: 0.474 GC heap after
{Heap after GC invocations=2 (full 0):
 garbage-first heap   total 262144K, used 14811K [0x00000000e0000000, 0x0000000100000000)
  region size 1024K, 3 young (3072K), 3 survivors (3072K)
 Metaspace       used 4708K, committed 4928K, reserved 393216K
  class space    used 576K, committed 704K, reserved 327680K
}
Event: 1.127 GC heap before
{Heap before GC invocations=2 (full 0):
 garbage-first heap   total 262144K, used 107995K [0x00000000e0000000, 0x0000000100000000)
  region size 1024K, 94 young (96256K), 3 survivors (3072K)
 Metaspace       used 18757K, committed 19264K, reserved 393216K
  class space    used 2537K, committed 2752K, reserved 327680K
}
Event: 1.130 GC heap after
{Heap after GC invocations=3 (full 0):
 garbage-first heap   total 262144K, used 23857K [0x00000000e0000000, 0x0000000100000000)
  region size 1024K, 12 young (12288K), 12 survivors (12288K)
 Metaspace       used 18757K, committed 19264K, reserved 393216K
  class space    used 2537K, committed 2752K, reserved 327680K
}
Event: 1.233 GC heap before
{Heap before GC invocations=3 (full 0):
 garbage-first heap   total 262144K, used 41265K [0x00000000e0000000, 0x0000000100000000)
  region size 1024K, 30 young (30720K), 12 survivors (12288K)
 Metaspace       used 20914K, committed 21504K, reserved 393216K
  class space    used 2911K, committed 3200K, reserved 327680K
}
Event: 1.235 GC heap after
{Heap after GC invocations=4 (full 0):
 garbage-first heap   total 262144K, used 25514K [0x00000000e0000000, 0x0000000100000000)
  region size 1024K, 2 young (2048K), 2 survivors (2048K)
 Metaspace       used 20914K, committed 21504K, reserved 393216K
  class space    used 2911K, committed 3200K, reserved 327680K
}
Event: 1.792 GC heap before
{Heap before GC invocations=5 (full 0):
 garbage-first heap   total 262144K, used 122794K [0x00000000e0000000, 0x0000000100000000)
  region size 1024K, 99 young (101376K), 2 survivors (2048K)
 Metaspace       used 34622K, committed 35968K, reserved 393216K
  class space    used 4904K, committed 5568K, reserved 327680K
}
Event: 1.794 GC heap after
{Heap after GC invocations=6 (full 0):
 garbage-first heap   total 262144K, used 31205K [0x00000000e0000000, 0x0000000100000000)
  region size 1024K, 8 young (8192K), 8 survivors (8192K)
 Metaspace       used 34622K, committed 35968K, reserved 393216K
  class space    used 4904K, committed 5568K, reserved 327680K
}
Event: 1.807 GC heap before
{Heap before GC invocations=6 (full 0):
 garbage-first heap   total 262144K, used 33253K [0x00000000e0000000, 0x0000000100000000)
  region size 1024K, 11 young (11264K), 8 survivors (8192K)
 Metaspace       used 34935K, committed 36288K, reserved 393216K
  class space    used 4957K, committed 5632K, reserved 327680K
}
Event: 1.809 GC heap after
{Heap after GC invocations=7 (full 0):
 garbage-first heap   total 262144K, used 31604K [0x00000000e0000000, 0x0000000100000000)
  region size 1024K, 8 young (8192K), 8 survivors (8192K)
 Metaspace       used 34935K, committed 36288K, reserved 393216K
  class space    used 4957K, committed 5632K, reserved 327680K
}
Event: 1.822 GC heap before
{Heap before GC invocations=7 (full 0):
 garbage-first heap   total 262144K, used 33652K [0x00000000e0000000, 0x0000000100000000)
  region size 1024K, 11 young (11264K), 8 survivors (8192K)
 Metaspace       used 35266K, committed 36608K, reserved 393216K
  class space    used 5015K, committed 5696K, reserved 327680K
}
Event: 1.824 GC heap after
{Heap after GC invocations=8 (full 0):
 garbage-first heap   total 262144K, used 31334K [0x00000000e0000000, 0x0000000100000000)
  region size 1024K, 8 young (8192K), 8 survivors (8192K)
 Metaspace       used 35266K, committed 36608K, reserved 393216K
  class space    used 5015K, committed 5696K, reserved 327680K
}
Event: 2.711 GC heap before
{Heap before GC invocations=9 (full 0):
 garbage-first heap   total 262144K, used 179814K [0x00000000e0000000, 0x0000000100000000)
  region size 1024K, 153 young (156672K), 8 survivors (8192K)
 Metaspace       used 49959K, committed 52032K, reserved 393216K
  class space    used 7451K, committed 8512K, reserved 327680K
}
Event: 2.716 GC heap after
{Heap after GC invocations=10 (full 0):
 garbage-first heap   total 262144K, used 40247K [0x00000000e0000000, 0x0000000100000000)
  region size 1024K, 17 young (17408K), 17 survivors (17408K)
 Metaspace       used 49959K, committed 52032K, reserved 393216K
  class space    used 7451K, committed 8512K, reserved 327680K
}
Event: 3.523 GC heap before
{Heap before GC invocations=10 (full 0):
 garbage-first heap   total 262144K, used 178487K [0x00000000e0000000, 0x0000000100000000)
  region size 1024K, 153 young (156672K), 17 survivors (17408K)
 Metaspace       used 57137K, committed 59328K, reserved 393216K
  class space    used 8197K, committed 9280K, reserved 327680K
}
Event: 3.529 GC heap after
{Heap after GC invocations=11 (full 0):
 garbage-first heap   total 262144K, used 52820K [0x00000000e0000000, 0x0000000100000000)
  region size 1024K, 20 young (20480K), 20 survivors (20480K)
 Metaspace       used 57137K, committed 59328K, reserved 393216K
  class space    used 8197K, committed 9280K, reserved 327680K
}
Event: 4.046 GC heap before
{Heap before GC invocations=11 (full 0):
 garbage-first heap   total 262144K, used 181844K [0x00000000e0000000, 0x0000000100000000)
  region size 1024K, 147 young (150528K), 20 survivors (20480K)
 Metaspace       used 58916K, committed 61120K, reserved 393216K
  class space    used 8356K, committed 9472K, reserved 327680K
}
Event: 4.050 GC heap after
{Heap after GC invocations=12 (full 0):
 garbage-first heap   total 262144K, used 56748K [0x00000000e0000000, 0x0000000100000000)
  region size 1024K, 5 young (5120K), 5 survivors (5120K)
 Metaspace       used 58916K, committed 61120K, reserved 393216K
  class space    used 8356K, committed 9472K, reserved 327680K
}
Event: 4.942 GC heap before
{Heap before GC invocations=13 (full 0):
 garbage-first heap   total 262144K, used 208300K [0x00000000e0000000, 0x0000000100000000)
  region size 1024K, 153 young (156672K), 5 survivors (5120K)
 Metaspace       used 69069K, committed 71488K, reserved 393216K
  class space    used 9693K, committed 10880K, reserved 327680K
}
Event: 4.948 GC heap after
{Heap after GC invocations=14 (full 0):
 garbage-first heap   total 262144K, used 80320K [0x00000000e0000000, 0x0000000100000000)
  region size 1024K, 20 young (20480K), 20 survivors (20480K)
 Metaspace       used 69069K, committed 71488K, reserved 393216K
  class space    used 9693K, committed 10880K, reserved 327680K
}

